<?xml version="1.0" encoding="UTF-8"?>
<!-- Generated by org.testng.reporters.JUnitReportReporter -->
<testsuite skipped="0" hostname="administrator-Latitude-E5570" name="meVariable.meVariable.AppTest" tests="1" failures="0" timestamp="16 Sep 2018 08:55:56 GMT" time="0.013" errors="0">
  <testcase name="print" time="0.013" classname="meVariable.meVariable.AppTest"/>
</testsuite> <!-- meVariable.meVariable.AppTest -->
