<?xml version="1.0" encoding="UTF-8"?>
<!-- Generated by org.testng.reporters.JUnitReportReporter -->
<testsuite skipped="0" hostname="administrator-Latitude-E5570" name="tests.AppTest" tests="3" failures="0" timestamp="04 Oct 2018 11:27:20 GMT" time="0.009" errors="0">
  <testcase name="print4" time="0.001" classname="tests.AppTest"/>
  <testcase name="print" time="0.008" classname="tests.AppTest"/>
  <testcase name="print3" time="0.000" classname="tests.AppTest"/>
</testsuite> <!-- tests.AppTest -->
