<?xml version="1.0" encoding="UTF-8"?>
<!-- Generated by org.testng.reporters.JUnitReportReporter -->
<testsuite skipped="0" hostname="administrator-Latitude-E5570" name="globalUtilities.Crossbrowser" tests="1" failures="0" timestamp="02 Oct 2018 16:09:10 GMT" time="43.524" errors="0">
  <testcase name="launchBrowser" time="43.524" classname="globalUtilities.Crossbrowser"/>
</testsuite> <!-- globalUtilities.Crossbrowser -->
